1546681267184:help
1546681278746:detect-censorship bdpolitico.com
1546681433518:help
1546681447774:detect-censorship bdpolitico.com
1546681621505:hl
1546681624105:hlp
1546681660979:help
1546681669592:detect-censorship bdpolitico.com
1546681724144:etc-ensrsip bdpolitico.com
1546681751491:help
1546681759676:detect-censorship bdpolitico.com
1546682088694:help
1546682097658:detect-censorship bdpolitico.com
1546682306118:help
1546682316366:detect-censorship bdpolitico.com
1546683954821:help
1546683963786:detect-censorship bdpolitico.com
1546684394642:help
1546684407403:detect-censorship bdpolitico.com
1546684527257:help
1546684541941:detect-censorship bdpolitico.com
1546684841261:help
1546684849788:detect-censorship bdpolitico.com
1546702030587:help
1546702043298:detect-censorship bdpolitico.com
1546702416232:help
1546702454434:detect-censorship bdpolitico.com
1546703569902:help
1546703576595:detect-censorship bdpolitico.com
1546706428966:help
1546706438312:detect-censorship bdpolitico.com
1546709230368:help
1546709237433:detect-censorship bdnews24.com
1546709725512:help
1546709739719:detect-censorship bdpolitico.com
1546709756606:detect-censorship bdnews24.com
1546710027045:help
1546710033755:detect-censorship bdpolitico.com
1546710105420:help
1546710111878:detect-censorship bdnews24.com
1546710119659:detect-censorship bdpolitico.com
1546711802609:help
1546711809989:detect-censorship bdnews24.com
1546712739363:help
1546712746323:detect-censorship bdnews24.com
1546712917660:detect-censorship bdpolitico.com
1546713401499:help
1546713418335:detect-censorship bdpolitico.com
1546713622947:help
1546713631480:detect-censorship bdpolitico.com
1546713694927:help
1546713701971:detect-censorship bdpolitico.com
1546713783369:help
1546713791683:detect-censorship bdpolitico.com
1546750588597:help
1546750595929:detect-censorship bdnews24.com
1546750821824:sudo detect-censorship bdpolitico.com
1546750836843:detect-censorship bdpolitico.com
1546751222664:help
1546751231758:detect-censorship ihf-hr.org
1546764839231:help
1546764850862:detect-censorship bdpolitico.com
1546765234495:help
1546765241506:detect-censorship bdnews24.com
1546765314311:help
1546765322082:detect-censorship bdnews24.com
1546765390320:help
1546765401506:detect-censorship bdnews24.com
1546765607105:help
1546765614523:detect-censorship bdnews24.com
1546766048226:clear
1546766055234:detect-censorship bdnews24.com
1546767523796:help
1546767530550:detect-censorship bdnews24.com
1546767765163:help
1546767772149:detect-censorship bdnews24.com
1546768416052:help
1546768424263:detect-censorship bdnews24.com
1546768901773:help
1546768910059:detect-censorship bdnews24.com
1546768993683:help
1546769000377:detect-censorship bdnews24.com
1546836639099:help
1546836646862:detect-censorship bdnews24.com
1546836740924:help
1546836776668:detect-censorship bdnews24.com
1546842704971:help
1546842711936:detect-censorship bdnews24.com
1546842772645:help
1546842778403:detect-censorship bdnews24.com
1546873142475:help
1546873148470:detect-censorship bdnews24.com
1546873781142:help
1546873787290:detect-censorship bdnews24.com
1546875118322:help
1546875124194:detect-censorship bdnews24.com
1546877104940:help
1546877110537:detect-censorship bdnews24.com
1546877912906:help
1546877918882:detect-censorship bdnews24.com
1546877993934:help
1546877999458:detect-censorship bdnews24.com
1546878648844:help
1546878655067:detect-censorship bdnews24.com
1546878734943:help
1546878740600:detect-censorship bdnews24.com
1546956085301:help
1546956091648:detect-censorship bdnews24.com
1546956675792:help
1546956682304:detect-censorship bdnews24.com
1546957197521:help
1546957202686:detect-censorship bdnews24.com
1546957398878:detect-censorship bdpolitico.com
1546968111961:help
1546968118834:detect-censorship bdpolitico.com
1546968639723:detect-censorship bdnews24.com
1546968670847:detect-censorship bdpolitico.com
1546969721870:help
1546969729109:detect-censorship bdpolitico.com
1546970349448:detect-censorship ihf-hr.org
